This is pdfTeX, Version 3.1415926-1.40.11 (TeX Live 2010) (format=pdflatex 2010.11.30)  22 DEC 2010 17:22
entering extended mode
 restricted \write18 enabled.
 file:line:error style messages enabled.
 %&-line parsing enabled.
**project.tex
(./project.tex
LaTeX2e <2009/09/24>
Babel <v3.8l> and hyphenation patterns for english, dumylang, nohyphenation, ge
rman-x-2009-06-19, ngerman-x-2009-06-19, ancientgreek, ibycus, arabic, armenian
, basque, bulgarian, catalan, pinyin, coptic, croatian, czech, danish, dutch, u
kenglish, usenglishmax, esperanto, estonian, farsi, finnish, french, galician, 
german, ngerman, swissgerman, monogreek, greek, hungarian, icelandic, assamese,
 bengali, gujarati, hindi, kannada, malayalam, marathi, oriya, panjabi, tamil, 
telugu, indonesian, interlingua, irish, italian, kurmanji, lao, latin, latvian,
 lithuanian, mongolian, mongolianlmc, bokmal, nynorsk, polish, portuguese, roma
nian, russian, sanskrit, serbian, slovak, slovenian, spanish, swedish, turkish,
 turkmen, ukrainian, uppersorbian, welsh, loaded.
(/usr/local/texlive/2010/texmf-dist/tex/latex/base/report.cls
Document Class: report 2007/10/19 v1.4h Standard LaTeX document class
(/usr/local/texlive/2010/texmf-dist/tex/latex/base/size10.clo
File: size10.clo 2007/10/19 v1.4h Standard LaTeX file (size option)
)
\c@part=\count79
\c@chapter=\count80
\c@section=\count81
\c@subsection=\count82
\c@subsubsection=\count83
\c@paragraph=\count84
\c@subparagraph=\count85
\c@figure=\count86
\c@table=\count87
\abovecaptionskip=\skip41
\belowcaptionskip=\skip42
\bibindent=\dimen102
)
(/usr/local/texlive/2010/texmf-dist/tex/generic/babel/babel.sty
Package: babel 2008/07/06 v3.8l The Babel package

(/usr/local/texlive/2010/texmf-dist/tex/generic/babel/dutch.ldf
Language: dutch 2005/03/30 v3.8i Dutch support from the babel system

(/usr/local/texlive/2010/texmf-dist/tex/generic/babel/babel.def
File: babel.def 2008/07/06 v3.8l Babel common definitions
\babel@savecnt=\count88
\U@D=\dimen103
)
Package babel Info: Making " an active character on input line 132.
))
(/usr/local/texlive/2010/texmf-dist/tex/latex/graphics/graphicx.sty
Package: graphicx 1999/02/16 v1.0f Enhanced LaTeX Graphics (DPC,SPQR)

(/usr/local/texlive/2010/texmf-dist/tex/latex/graphics/keyval.sty
Package: keyval 1999/03/16 v1.13 key=value parser (DPC)
\KV@toks@=\toks14
)
(/usr/local/texlive/2010/texmf-dist/tex/latex/graphics/graphics.sty
Package: graphics 2009/02/05 v1.0o Standard LaTeX Graphics (DPC,SPQR)

(/usr/local/texlive/2010/texmf-dist/tex/latex/graphics/trig.sty
Package: trig 1999/03/16 v1.09 sin cos tan (DPC)
)
(/usr/local/texlive/2010/texmf-dist/tex/latex/latexconfig/graphics.cfg
File: graphics.cfg 2010/04/23 v1.9 graphics configuration of TeX Live
)
Package graphics Info: Driver file: pdftex.def on input line 91.

(/usr/local/texlive/2010/texmf-dist/tex/latex/pdftex-def/pdftex.def
File: pdftex.def 2010/02/14 v0.04n Graphics/color for pdfTeX
\Gread@gobject=\count89
))
\Gin@req@height=\dimen104
\Gin@req@width=\dimen105
)
(./iiiscriptie.sty

LaTeX Warning: You have requested package `iiiscriptie',
               but the package provides `iiithesis'.

Package: iiithesis 2009/06/17. Auteur: Jan Cnops
(/usr/local/texlive/2010/texmf-dist/tex/latex/tools/longtable.sty
Package: longtable 2004/02/01 v4.11 Multi-page Table package (DPC)
\LTleft=\skip43
\LTright=\skip44
\LTpre=\skip45
\LTpost=\skip46
\LTchunksize=\count90
\LTcapwidth=\dimen106
\LT@head=\box26
\LT@firsthead=\box27
\LT@foot=\box28
\LT@lastfoot=\box29
\LT@cols=\count91
\LT@rows=\count92
\c@LT@tables=\count93
\c@LT@chunks=\count94
\LT@p@ftn=\toks15
)
(/usr/local/texlive/2010/texmf-dist/tex/latex/float/float.sty
Package: float 2001/11/08 v1.3d Float enhancements (AL)
\c@float@type=\count95
\float@exts=\toks16
\float@box=\box30
\@float@everytoks=\toks17
\@floatcapt=\box31
)
\@float@every@diagramintern=\toks18
\c@diagramintern=\count96
\c@studentuur=\count97
\c@studentminuut=\count98
\uurbreedte=\skip47
)
(/usr/local/texlive/2010/texmf-dist/tex/latex/url/url.sty
\Urlmuskip=\muskip10
Package: url 2006/04/12  ver 3.3  Verb mode for urls, etc.
) (./project.aux)
\openout1 = `project.aux'.

LaTeX Font Info:    Checking defaults for OML/cmm/m/it on input line 33.
LaTeX Font Info:    ... okay on input line 33.
LaTeX Font Info:    Checking defaults for T1/cmr/m/n on input line 33.
LaTeX Font Info:    ... okay on input line 33.
LaTeX Font Info:    Checking defaults for OT1/cmr/m/n on input line 33.
LaTeX Font Info:    ... okay on input line 33.
LaTeX Font Info:    Checking defaults for OMS/cmsy/m/n on input line 33.
LaTeX Font Info:    ... okay on input line 33.
LaTeX Font Info:    Checking defaults for OMX/cmex/m/n on input line 33.
LaTeX Font Info:    ... okay on input line 33.
LaTeX Font Info:    Checking defaults for U/cmr/m/n on input line 33.
LaTeX Font Info:    ... okay on input line 33.

(/usr/local/texlive/2010/texmf-dist/tex/context/base/supp-pdf.mkii
[Loading MPS to PDF converter (version 2006.09.02).]
\scratchcounter=\count99
\scratchdimen=\dimen107
\scratchbox=\box32
\nofMPsegments=\count100
\nofMParguments=\count101
\everyMPshowfont=\toks19
\MPscratchCnt=\count102
\MPscratchDim=\dimen108
\MPnumerator=\count103
\everyMPtoPDFconversion=\toks20
) (/usr/local/texlive/2010/texmf-dist/tex/generic/oberdiek/pdftexcmds.sty
Package: pdftexcmds 2010/04/01 v0.9 Utility functions of pdfTeX for LuaTeX (HO)


(/usr/local/texlive/2010/texmf-dist/tex/generic/oberdiek/infwarerr.sty
Package: infwarerr 2010/04/08 v1.3 Providing info/warning/message (HO)
)
(/usr/local/texlive/2010/texmf-dist/tex/generic/oberdiek/ifluatex.sty
Package: ifluatex 2010/03/01 v1.3 Provides the ifluatex switch (HO)
Package ifluatex Info: LuaTeX not detected.
)
(/usr/local/texlive/2010/texmf-dist/tex/generic/oberdiek/ltxcmds.sty
Package: ltxcmds 2010/04/26 v1.7 LaTeX kernel commands for general use (HO)
)
Package pdftexcmds Info: LuaTeX not detected.
Package pdftexcmds Info: \pdf@primitive is available.
Package pdftexcmds Info: \pdf@ifprimitive is available.
)
(/usr/local/texlive/2010/texmf-dist/tex/latex/oberdiek/epstopdf-base.sty
Package: epstopdf-base 2010/02/09 v2.5 Base part for package epstopdf

(/usr/local/texlive/2010/texmf-dist/tex/latex/oberdiek/grfext.sty
Package: grfext 2007/09/30 v1.0 Managing graphics extensions (HO)
)
(/usr/local/texlive/2010/texmf-dist/tex/latex/oberdiek/kvoptions.sty
Package: kvoptions 2010/02/22 v3.7 Keyval support for LaTeX options (HO)

(/usr/local/texlive/2010/texmf-dist/tex/generic/oberdiek/kvsetkeys.sty
Package: kvsetkeys 2010/03/01 v1.9 Key value parser (HO)

(/usr/local/texlive/2010/texmf-dist/tex/generic/oberdiek/etexcmds.sty
Package: etexcmds 2010/01/28 v1.3 Prefix for e-TeX command names (HO)
Package etexcmds Info: Could not find \expanded.
(etexcmds)             That can mean that you are not using pdfTeX 1.50 or
(etexcmds)             that some package has redefined \expanded.
(etexcmds)             In the latter case, load this package earlier.
)))
Package grfext Info: Graphics extension search list:
(grfext)             [.png,.pdf,.jpg,.mps,.jpeg,.jbig2,.jb2,.PNG,.PDF,.JPG,.JPE
G,.JBIG2,.JB2,.eps]
(grfext)             \AppendGraphicsExtensions on input line 436.

(/usr/local/texlive/2010/texmf-dist/tex/latex/latexconfig/epstopdf-sys.cfg
File: epstopdf-sys.cfg 2010/07/13 v1.3 Configuration of (r)epstopdf for TeX Liv
e
))
LaTeX Font Info:    External font `cmex10' loaded for size
(Font)              <7> on input line 34.
LaTeX Font Info:    External font `cmex10' loaded for size
(Font)              <5> on input line 34.

<logohogent.pdf, id=1, 273.02pt x 71.26625pt>
File: logohogent.pdf Graphic file (type pdf)
 <use logohogent.pdf>
Underfull \hbox (badness 10000) in paragraph at lines 34--34
[][]
 []


Underfull \hbox (badness 10000) in paragraph at lines 34--34

 []


Underfull \hbox (badness 10000) in paragraph at lines 34--34

 []

LaTeX Font Info:    External font `cmex10' loaded for size
(Font)              <12> on input line 34.
LaTeX Font Info:    External font `cmex10' loaded for size
(Font)              <8> on input line 34.
LaTeX Font Info:    External font `cmex10' loaded for size
(Font)              <6> on input line 34.

LaTeX Font Warning: Font shape `OT1/cmss/m/it' in size <12> not available
(Font)              Font shape `OT1/cmss/m/sl' tried instead on input line 34.


Underfull \hbox (badness 10000) in paragraph at lines 34--34

 []


Underfull \hbox (badness 10000) in paragraph at lines 34--34

 []


Overfull \hbox (70.56079pt too wide) in paragraph at lines 34--34
[]|  [] 
 []

[1

{/usr/local/texlive/2010/texmf-var/fonts/map/pdftex/updmap/pdftex.map} <./logoh
ogent.pdf>] (./project.toc)
\tf@toc=\write3
\openout3 = `project.toc'.

 [1

]
Hoofdstuk 1.
[2

]
Hoofdstuk 2.
Missing character: There is no √ in font cmr10!
Missing character: There is no © in font cmr10!
Missing character: There is no √ in font cmr10!
Missing character: There is no © in font cmr10!
Missing character: There is no √ in font cmr10!
Missing character: There is no Ø in font cmr10!

Underfull \hbox (badness 10000) in paragraph at lines 55--62

 []


Underfull \hbox (badness 10000) in paragraph at lines 55--62

 []


Underfull \hbox (badness 10000) in paragraph at lines 55--62

 []


Underfull \hbox (badness 10000) in paragraph at lines 55--62

 []


Underfull \hbox (badness 10000) in paragraph at lines 55--62

 []


Underfull \hbox (badness 10000) in paragraph at lines 55--62

 []

Package epstopdf Info: Source file: <klassen_diagram.eps>
(epstopdf)                    date: 2010-12-17 17:13:14
(epstopdf)                    size: 5894 bytes
(epstopdf)             Output file: <klassen_diagram-eps-converted-to.pdf>
(epstopdf)                    date: 2010-12-22 16:17:25
(epstopdf)                    size: 7252 bytes
(epstopdf)             Command: <repstopdf --outfile=klassen_diagram-eps-conver
ted-to.pdf klassen_diagram.eps>
(epstopdf)             \includegraphics on input line 64.
Package epstopdf Info: Output file is already uptodate.
<klassen_diagram-eps-converted-to.pdf, id=23, 172.645pt x 257.96375pt>
File: klassen_diagram-eps-converted-to.pdf Graphic file (type pdf)

<use klassen_diagram-eps-converted-to.pdf> [3

]
Package epstopdf Info: Source file: <crc_kaarten.eps>
(epstopdf)                    date: 2010-12-10 16:35:57
(epstopdf)                    size: 6600 bytes
(epstopdf)             Output file: <crc_kaarten-eps-converted-to.pdf>
(epstopdf)                    date: 2010-12-22 16:19:21
(epstopdf)                    size: 8386 bytes
(epstopdf)             Command: <repstopdf --outfile=crc_kaarten-eps-converted-
to.pdf crc_kaarten.eps>
(epstopdf)             \includegraphics on input line 66.
Package epstopdf Info: Output file is already uptodate.

<crc_kaarten-eps-converted-to.pdf, id=27, 325.215pt x 399.4925pt>
File: crc_kaarten-eps-converted-to.pdf Graphic file (type pdf)

<use crc_kaarten-eps-converted-to.pdf>
Package epstopdf Info: Source file: <taken_diagram2.eps>
(epstopdf)                    date: 2010-12-03 17:56:08
(epstopdf)                    size: 5786 bytes
(epstopdf)             Output file: <taken_diagram2-eps-converted-to.pdf>
(epstopdf)                    date: 2010-12-22 16:24:35
(epstopdf)                    size: 7219 bytes
(epstopdf)             Command: <repstopdf --outfile=taken_diagram2-eps-convert
ed-to.pdf taken_diagram2.eps>
(epstopdf)             \includegraphics on input line 71.
Package epstopdf Info: Output file is already uptodate.

<taken_diagram2-eps-converted-to.pdf, id=28, 223.83624pt x 275.0275pt>
File: taken_diagram2-eps-converted-to.pdf Graphic file (type pdf)

<use taken_diagram2-eps-converted-to.pdf> [4 <./klassen_diagram-eps-converted-t
o.pdf>]
Underfull \hbox (badness 10000) in paragraph at lines 76--78

 []


Underfull \hbox (badness 10000) in paragraph at lines 79--81

 []

Package epstopdf Info: Source file: <seq_start_simulatie.eps>
(epstopdf)                    date: 2010-12-03 17:52:33
(epstopdf)                    size: 4452 bytes
(epstopdf)             Output file: <seq_start_simulatie-eps-converted-to.pdf>
(epstopdf)                    date: 2010-12-22 16:35:37
(epstopdf)                    size: 6245 bytes
(epstopdf)             Command: <repstopdf --outfile=seq_start_simulatie-eps-co
nverted-to.pdf seq_start_simulatie.eps>
(epstopdf)             \includegraphics on input line 83.
Package epstopdf Info: Output file is already uptodate.
<seq_start_simulatie-eps-converted-to.pdf, id=37, 212.795pt x 113.42375pt>
File: seq_start_simulatie-eps-converted-to.pdf Graphic file (type pdf)

<use seq_start_simulatie-eps-converted-to.pdf>
Underfull \hbox (badness 10000) in paragraph at lines 82--84

 []

[5 <./crc_kaarten-eps-converted-to.pdf>]
Underfull \hbox (badness 10000) in paragraph at lines 87--89

 []


Underfull \hbox (badness 10000) in paragraph at lines 90--92

 []

[6 <./taken_diagram2-eps-converted-to.pdf> <./seq_start_simulatie-eps-converted
-to.pdf>]
Package epstopdf Info: Source file: <seq_maak_computer_aan.eps>
(epstopdf)                    date: 2010-12-17 17:27:36
(epstopdf)                    size: 7519 bytes
(epstopdf)             Output file: <seq_maak_computer_aan-eps-converted-to.pdf
>
(epstopdf)                    date: 2010-12-22 16:35:37
(epstopdf)                    size: 7316 bytes
(epstopdf)             Command: <repstopdf --outfile=seq_maak_computer_aan-eps-
converted-to.pdf seq_maak_computer_aan.eps>
(epstopdf)             \includegraphics on input line 94.
Package epstopdf Info: Output file is already uptodate.

<seq_maak_computer_aan-eps-converted-to.pdf, id=60, 326.21875pt x 147.55125pt>
File: seq_maak_computer_aan-eps-converted-to.pdf Graphic file (type pdf)

<use seq_maak_computer_aan-eps-converted-to.pdf>
Underfull \hbox (badness 10000) in paragraph at lines 93--95

 []

[7 <./seq_maak_computer_aan-eps-converted-to.pdf>]
Underfull \hbox (badness 10000) in paragraph at lines 98--100

 []


Underfull \hbox (badness 10000) in paragraph at lines 101--103

 []

Package epstopdf Info: Source file: <seq_verwijder_computer.eps>
(epstopdf)                    date: 2010-12-17 17:16:41
(epstopdf)                    size: 5536 bytes
(epstopdf)             Output file: <seq_verwijder_computer-eps-converted-to.pd
f>
(epstopdf)                    date: 2010-12-22 16:35:38
(epstopdf)                    size: 7480 bytes
(epstopdf)             Command: <repstopdf --outfile=seq_verwijder_computer-eps
-converted-to.pdf seq_verwijder_computer.eps>
(epstopdf)             \includegraphics on input line 105.
Package epstopdf Info: Output file is already uptodate.

<seq_verwijder_computer-eps-converted-to.pdf, id=69, 292.09125pt x 141.52875pt>
File: seq_verwijder_computer-eps-converted-to.pdf Graphic file (type pdf)
<use seq_verwijder_computer-eps-converted-to.pdf>
Underfull \hbox (badness 10000) in paragraph at lines 104--106

 []

[8 <./seq_verwijder_computer-eps-converted-to.pdf>]
Underfull \hbox (badness 10000) in paragraph at lines 109--111

 []

Missing character: There is no ‚ in font cmr10!
Missing character: There is no Ä in font cmr10!
Missing character: There is no ò in font cmr10!
Missing character: There is no ‚ in font cmr10!
Missing character: There is no Ä in font cmr10!
Missing character: There is no ô in font cmr10!

Underfull \hbox (badness 10000) in paragraph at lines 112--114

 []

Package epstopdf Info: Source file: <seq_kuis_computer.eps>
(epstopdf)                    date: 2010-12-03 17:58:43
(epstopdf)                    size: 4998 bytes
(epstopdf)             Output file: <seq_kuis_computer-eps-converted-to.pdf>
(epstopdf)                    date: 2010-12-22 16:35:39
(epstopdf)                    size: 6918 bytes
(epstopdf)             Command: <repstopdf --outfile=seq_kuis_computer-eps-conv
erted-to.pdf seq_kuis_computer.eps>
(epstopdf)             \includegraphics on input line 116.
Package epstopdf Info: Output file is already uptodate.
<seq_kuis_computer-eps-converted-to.pdf, id=78, 292.09125pt x 118.4425pt>
File: seq_kuis_computer-eps-converted-to.pdf Graphic file (type pdf)

<use seq_kuis_computer-eps-converted-to.pdf>
Underfull \hbox (badness 10000) in paragraph at lines 115--117

 []

[9 <./seq_kuis_computer-eps-converted-to.pdf>]
Underfull \hbox (badness 10000) in paragraph at lines 120--122

 []


Underfull \hbox (badness 10000) in paragraph at lines 123--125

 []

Package epstopdf Info: Source file: <seq_stuur_bericht.eps>
(epstopdf)                    date: 2010-12-03 17:54:23
(epstopdf)                    size: 5546 bytes
(epstopdf)             Output file: <seq_stuur_bericht-eps-converted-to.pdf>
(epstopdf)                    date: 2010-12-22 16:35:39
(epstopdf)                    size: 7360 bytes
(epstopdf)             Command: <repstopdf --outfile=seq_stuur_bericht-eps-conv
erted-to.pdf seq_stuur_bericht.eps>
(epstopdf)             \includegraphics on input line 127.
Package epstopdf Info: Output file is already uptodate.
<seq_stuur_bericht-eps-converted-to.pdf, id=87, 386.44376pt x 124.465pt>
File: seq_stuur_bericht-eps-converted-to.pdf Graphic file (type pdf)

<use seq_stuur_bericht-eps-converted-to.pdf>
Overfull \hbox (41.44281pt too wide) in paragraph at lines 127--127
 [][] 
 []


Underfull \hbox (badness 10000) in paragraph at lines 126--128

 []

[10 <./seq_stuur_bericht-eps-converted-to.pdf>]
Underfull \hbox (badness 10000) in paragraph at lines 132--135

 []


Underfull \hbox (badness 10000) in paragraph at lines 132--135

 []


Underfull \hbox (badness 10000) in paragraph at lines 132--135

 []

LaTeX Font Info:    Try loading font information for OMS+cmr on input line 136.

(/usr/local/texlive/2010/texmf-dist/tex/latex/base/omscmr.fd
File: omscmr.fd 1999/05/25 v2.5h Standard LaTeX font definitions
)
LaTeX Font Info:    Font shape `OMS/cmr/m/n' in size <10> not available
(Font)              Font shape `OMS/cmsy/m/n' tried instead on input line 136.

Underfull \hbox (badness 10000) in paragraph at lines 138--140

 []


Underfull \hbox (badness 10000) in paragraph at lines 138--140

 []


Underfull \hbox (badness 10000) in paragraph at lines 143--144

 []

Missing character: There is no ‚ in font cmr10!
Missing character: There is no Ä in font cmr10!
Missing character: There is no ò in font cmr10!
Missing character: There is no ‚ in font cmr10!
Missing character: There is no Ä in font cmr10!
Missing character: There is no ô in font cmr10!

Underfull \hbox (badness 10000) in paragraph at lines 149--151

 []


Underfull \hbox (badness 10000) in paragraph at lines 149--151

 []

[11]
Missing character: There is no ‚ in font cmr10!
Missing character: There is no Ä in font cmr10!
Missing character: There is no ò in font cmr10!
Missing character: There is no ‚ in font cmr10!
Missing character: There is no Ä in font cmr10!
Missing character: There is no ô in font cmr10!

Underfull \hbox (badness 10000) in paragraph at lines 156--159

 []


Underfull \hbox (badness 10000) in paragraph at lines 156--159

 []


Underfull \hbox (badness 10000) in paragraph at lines 156--159

 []


Underfull \hbox (badness 10000) in paragraph at lines 160--163

 []


Underfull \hbox (badness 10000) in paragraph at lines 160--163

 []


Underfull \hbox (badness 10000) in paragraph at lines 160--163

 []

Missing character: There is no ‚ in font cmr10!
Missing character: There is no Ä in font cmr10!
Missing character: There is no ú in font cmr10!
Missing character: There is no ‚ in font cmr10!
Missing character: There is no Ä in font cmr10!
Missing character: There is no ù in font cmr10!

Underfull \hbox (badness 10000) in paragraph at lines 164--170

 []


Underfull \hbox (badness 10000) in paragraph at lines 164--170

 []


Underfull \hbox (badness 10000) in paragraph at lines 164--170

 []


Underfull \hbox (badness 10000) in paragraph at lines 164--170

 []


Underfull \hbox (badness 10000) in paragraph at lines 164--170

 []


Underfull \hbox (badness 10000) in paragraph at lines 164--170

 []

[12] [13]
Hoofdstuk 3.
[14

]
Hoofdstuk 4.
LaTeX Font Info:    External font `cmex10' loaded for size
(Font)              <14.4> on input line 190.
[15

]
Overfull \hbox (61.10886pt too wide) in paragraph at lines 220--222
[]\OT1/cmr/m/n/10 URL's wor-den, zo-als op $\OT1/cmtt/m/n/10 http : / / www . m
ath . uiuc . edu / []hildebr / tex / bibliographies .
 []

[16]
Hoofdstuk 5.
\datumbreedte=\skip48
\intervalbreedte=\skip49
\taakbreedte=\skip50

Underfull \hbox (badness 10000) in paragraph at lines 229--230

 []


Overfull \hbox (60.48692pt too wide) in alignment at lines 230--230
 [] [] [] 
 []


Overfull \hbox (60.48692pt too wide) in alignment at lines 230--230
 [] [] [] 
 []


Overfull \hbox (60.48692pt too wide) in alignment at lines 230--230
 [] [] [] 
 []


Overfull \hbox (60.48692pt too wide) in alignment at lines 230--230
 [] [] [] 
 []


Overfull \hbox (60.48692pt too wide) in alignment at lines 230--240
 [] [] [] 
 []

[17

] [18

] (./project.aux) ) 
Here is how much of TeX's memory you used:
 2034 strings out of 493747
 28455 string characters out of 3143545
 91272 words of memory out of 3000000
 5283 multiletter control sequences out of 15000+200000
 11515 words of font info for 40 fonts, out of 3000000 for 9000
 714 hyphenation exceptions out of 8191
 37i,8n,25p,586b,248s stack positions out of 5000i,500n,10000p,200000b,50000s
</usr/local/texlive/2010/texmf-dist/fonts/type1/public/amsfo
nts/cm/cmbx10.pfb></usr/local/texlive/2010/texmf-dist/fonts/type1/public/amsfon
ts/cm/cmbx12.pfb></usr/local/texlive/2010/texmf-dist/fonts/type1/public/amsfont
s/cm/cmcsc10.pfb></usr/local/texlive/2010/texmf-dist/fonts/type1/public/amsfont
s/cm/cmr10.pfb></usr/local/texlive/2010/texmf-dist/fonts/type1/public/amsfonts/
cm/cmr12.pfb></usr/local/texlive/2010/texmf-dist/fonts/type1/public/amsfonts/cm
/cmr7.pfb></usr/local/texlive/2010/texmf-dist/fonts/type1/public/amsfonts/cm/cm
ss10.pfb></usr/local/texlive/2010/texmf-dist/fonts/type1/public/amsfonts/cm/cms
s12.pfb></usr/local/texlive/2010/texmf-dist/fonts/type1/public/amsfonts/cm/cmss
17.pfb></usr/local/texlive/2010/texmf-dist/fonts/type1/public/amsfonts/cm/cmsy1
0.pfb></usr/local/texlive/2010/texmf-dist/fonts/type1/public/amsfonts/cm/cmti10
.pfb></usr/local/texlive/2010/texmf-dist/fonts/type1/public/amsfonts/cm/cmtt10.
pfb>
Output written on project.pdf (19 pages, 207925 bytes).
PDF statistics:
 166 PDF objects out of 1000 (max. 8388607)
 114 compressed objects within 2 object streams
 0 named destinations out of 1000 (max. 500000)
 46 words of extra memory for PDF output out of 10000 (max. 10000000)

